app/build/intermediates/manifest_merge_blame_file/debug/manifest-merger-blame-debug-report.txt
1<?xml version="1.0" encoding="utf-8"?>
2<manifest xmlns:android="http://schemas.android.com/apk/res/android"
3    package="com.example.kitchen"
4    android:versionCode="1"
5    android:versionName="1.0" >
6
7    <uses-sdk
8        android:minSdkVersion="20"
8-->src\main\AndroidManifest.xml
9        android:targetSdkVersion="31" />
9-->src\main\AndroidManifest.xml
10
11    <uses-permission android:name="android.permission.MANAGE_EXTERNAL_STORAGE" />
11-->src\main\AndroidManifest.xml:48:5-82
11-->src\main\AndroidManifest.xml:48:22-79
12    <uses-permission android:name="android.permission.INTERNET" />
12-->src\main\AndroidManifest.xml:49:5-67
12-->src\main\AndroidManifest.xml:49:22-64
13    <uses-permission android:name="android.permission.ACCESS_NETWORK_STATE" />
13-->src\main\AndroidManifest.xml:50:5-79
13-->src\main\AndroidManifest.xml:50:22-76
14    <uses-permission android:name="android.permission.READ_EXTERNAL_STORAGE" />
14-->src\main\AndroidManifest.xml:52:5-80
14-->src\main\AndroidManifest.xml:52:22-77
15
16    <application
16-->src\main\AndroidManifest.xml:5:5-47:19
17        android:allowBackup="true"
17-->src\main\AndroidManifest.xml:6:9-35
18        android:appComponentFactory="androidx.core.app.CoreComponentFactory"
18-->[androidx.core:core:1.7.0] AndroidManifest.xml:24:18-86
19        android:debuggable="true"
20        android:icon="@mipmap/ic_launcher"
20-->src\main\AndroidManifest.xml:7:9-43
21        android:label="@string/app_name"
21-->src\main\AndroidManifest.xml:8:9-41
22        android:roundIcon="@mipmap/ic_launcher_round"
22-->src\main\AndroidManifest.xml:9:9-54
23        android:supportsRtl="true"
23-->src\main\AndroidManifest.xml:10:9-35
24        android:testOnly="true"
25        android:theme="@style/Theme.GzKitchen" >
25-->src\main\AndroidManifest.xml:11:9-47
26        <activity
26-->src\main\AndroidManifest.xml:12:9-14:52
27            android:name="com.example.kitchen.AddEditMenuActivity"
27-->src\main\AndroidManifest.xml:13:13-67
28            android:screenOrientation="portrait" />
28-->src\main\AndroidManifest.xml:14:13-49
29        <activity
29-->src\main\AndroidManifest.xml:15:9-18:55
30            android:name="com.example.kitchen.admin.AdminMainActivity"
30-->src\main\AndroidManifest.xml:16:13-71
31            android:screenOrientation="portrait"
31-->src\main\AndroidManifest.xml:17:13-49
32            android:windowSoftInputMode="adjustPan" />
32-->src\main\AndroidManifest.xml:18:13-52
33        <activity
33-->src\main\AndroidManifest.xml:19:9-21:52
34            android:name="com.example.kitchen.a_user.dish.MenuItemDetailActivity"
34-->src\main\AndroidManifest.xml:20:13-82
35            android:screenOrientation="portrait" />
35-->src\main\AndroidManifest.xml:21:13-49
36        <activity
36-->src\main\AndroidManifest.xml:22:9-24:52
37            android:name="com.example.kitchen.ProfileActivity"
37-->src\main\AndroidManifest.xml:23:13-63
38            android:screenOrientation="portrait" />
38-->src\main\AndroidManifest.xml:24:13-49
39        <activity
39-->src\main\AndroidManifest.xml:25:9-27:52
40            android:name="com.example.kitchen.SignUpActivity"
40-->src\main\AndroidManifest.xml:26:13-62
41            android:screenOrientation="portrait" />
41-->src\main\AndroidManifest.xml:27:13-49
42        <activity
42-->src\main\AndroidManifest.xml:28:9-30:52
43            android:name="com.example.kitchen.a_user.MemberMainActivity"
43-->src\main\AndroidManifest.xml:29:13-73
44            android:screenOrientation="portrait" />
44-->src\main\AndroidManifest.xml:30:13-49
45        <activity
45-->src\main\AndroidManifest.xml:31:9-33:52
46            android:name="com.example.kitchen.SplashScreenActivity"
46-->src\main\AndroidManifest.xml:32:13-68
47            android:screenOrientation="portrait" />
47-->src\main\AndroidManifest.xml:33:13-49
48        <activity
48-->src\main\AndroidManifest.xml:34:9-36:52
49            android:name="com.example.kitchen.LoginActivity"
49-->src\main\AndroidManifest.xml:35:13-61
50            android:screenOrientation="portrait" />
50-->src\main\AndroidManifest.xml:36:13-49
51        <activity
51-->src\main\AndroidManifest.xml:37:9-46:20
52            android:name="com.example.kitchen.LoadingActivity"
52-->src\main\AndroidManifest.xml:38:13-63
53            android:exported="true"
53-->src\main\AndroidManifest.xml:39:13-36
54            android:screenOrientation="portrait" >
54-->src\main\AndroidManifest.xml:40:13-49
55            <intent-filter>
55-->src\main\AndroidManifest.xml:41:13-45:29
56                <action android:name="android.intent.action.MAIN" />
56-->src\main\AndroidManifest.xml:42:17-69
56-->src\main\AndroidManifest.xml:42:25-66
57
58                <category android:name="android.intent.category.LAUNCHER" />
58-->src\main\AndroidManifest.xml:44:17-77
58-->src\main\AndroidManifest.xml:44:27-74
59            </intent-filter>
60        </activity>
61
62        <provider
62-->[androidx.emoji2:emoji2:1.0.0] AndroidManifest.xml:26:9-34:20
63            android:name="androidx.startup.InitializationProvider"
63-->[androidx.emoji2:emoji2:1.0.0] AndroidManifest.xml:27:13-67
64            android:authorities="com.example.kitchen.androidx-startup"
64-->[androidx.emoji2:emoji2:1.0.0] AndroidManifest.xml:28:13-68
65            android:exported="false" >
65-->[androidx.emoji2:emoji2:1.0.0] AndroidManifest.xml:29:13-37
66            <meta-data
66-->[androidx.emoji2:emoji2:1.0.0] AndroidManifest.xml:31:13-33:52
67                android:name="androidx.emoji2.text.EmojiCompatInitializer"
67-->[androidx.emoji2:emoji2:1.0.0] AndroidManifest.xml:32:17-75
68                android:value="androidx.startup" />
68-->[androidx.emoji2:emoji2:1.0.0] AndroidManifest.xml:33:17-49
69            <meta-data
69-->[androidx.lifecycle:lifecycle-process:2.4.0] AndroidManifest.xml:31:13-33:52
70                android:name="androidx.lifecycle.ProcessLifecycleInitializer"
70-->[androidx.lifecycle:lifecycle-process:2.4.0] AndroidManifest.xml:32:17-78
71                android:value="androidx.startup" />
71-->[androidx.lifecycle:lifecycle-process:2.4.0] AndroidManifest.xml:33:17-49
72        </provider>
73    </application>
74
75</manifest>